<?xml version="1.0" encoding="UTF-8"?>
<robot generator="Robot 6.0.2 (Python 3.11.2 on win32)" generated="20230308 17:45:58.909" rpa="false" schemaversion="3">
<suite id="s1" name="Tests" source="F:\Robot_sem_complicacao\SeuBarriga\Tests">
<suite id="s1-s1" name="seuBarriga" source="F:\Robot_sem_complicacao\SeuBarriga\Tests\seuBarriga.robot">
<test id="s1-s1-t1" name="Cenário 01: Acessar o site" line="55">
<kw name="Acessando o site">
<kw name="Open Browser" library="SeleniumLibrary">
<arg>${url}</arg>
<arg>${navegador}</arg>
<doc>Opens a new browser instance to the optional ``url``.</doc>
<msg timestamp="20230308 17:45:59.052" level="INFO">Opening browser 'chrome' to base url 'https://seubarriga.wcaquino.me/login'.</msg>
<status status="PASS" starttime="20230308 17:45:59.052" endtime="20230308 17:46:00.939"/>
</kw>
<status status="PASS" starttime="20230308 17:45:59.052" endtime="20230308 17:46:00.939"/>
</kw>
<status status="PASS" starttime="20230308 17:45:59.051" endtime="20230308 17:46:00.939"/>
</test>
<test id="s1-s1-t2" name="Cenário 02: Realizar cadastro" line="58">
<kw name="Novo cadastro">
<kw name="Open Browser" library="SeleniumLibrary">
<arg>${url}</arg>
<arg>${navegador}</arg>
<doc>Opens a new browser instance to the optional ``url``.</doc>
<msg timestamp="20230308 17:46:00.941" level="INFO">Opening browser 'chrome' to base url 'https://seubarriga.wcaquino.me/login'.</msg>
<status status="PASS" starttime="20230308 17:46:00.941" endtime="20230308 17:46:02.862"/>
</kw>
<kw name="Click Link" library="SeleniumLibrary">
<arg>Novo usuário?</arg>
<doc>Clicks a link identified by ``locator``.</doc>
<msg timestamp="20230308 17:46:02.862" level="INFO">Clicking link 'Novo usuário?'.</msg>
<status status="PASS" starttime="20230308 17:46:02.862" endtime="20230308 17:46:03.141"/>
</kw>
<kw name="Wait Until Element Is Visible" library="SeleniumLibrary">
<arg>id=nome</arg>
<doc>Waits until the element ``locator`` is visible.</doc>
<status status="PASS" starttime="20230308 17:46:03.141" endtime="20230308 17:46:03.158"/>
</kw>
<kw name="Input Text" library="SeleniumLibrary">
<arg>id=nome</arg>
<arg>${nome}</arg>
<doc>Types the given ``text`` into the text field identified by ``locator``.</doc>
<msg timestamp="20230308 17:46:03.159" level="INFO">Typing text 'Raiane Barriga' into text field 'id=nome'.</msg>
<status status="PASS" starttime="20230308 17:46:03.159" endtime="20230308 17:46:03.203"/>
</kw>
<kw name="Input Text" library="SeleniumLibrary">
<arg>id=email</arg>
<arg>${email}</arg>
<doc>Types the given ``text`` into the text field identified by ``locator``.</doc>
<msg timestamp="20230308 17:46:03.203" level="INFO">Typing text 'email306@teste.com' into text field 'id=email'.</msg>
<status status="PASS" starttime="20230308 17:46:03.203" endtime="20230308 17:46:03.250"/>
</kw>
<kw name="Input Password" library="SeleniumLibrary">
<arg>id=senha</arg>
<arg>${senha}</arg>
<doc>Types the given password into the text field identified by ``locator``.</doc>
<msg timestamp="20230308 17:46:03.251" level="INFO">Typing password into text field 'id=senha'.</msg>
<msg timestamp="20230308 17:46:03.272" level="INFO">Temporally setting log level to: NONE</msg>
<msg timestamp="20230308 17:46:03.306" level="INFO">Log level changed from NONE to INFO.</msg>
<status status="PASS" starttime="20230308 17:46:03.250" endtime="20230308 17:46:03.307"/>
</kw>
<kw name="Click Element" library="SeleniumLibrary">
<arg>xpath=/html/body/div[2]/form/input</arg>
<doc>Click the element identified by ``locator``.</doc>
<msg timestamp="20230308 17:46:03.307" level="INFO">Clicking element 'xpath=/html/body/div[2]/form/input'.</msg>
<status status="PASS" starttime="20230308 17:46:03.307" endtime="20230308 17:46:03.925"/>
</kw>
<kw name="Element Text Should Be" library="SeleniumLibrary">
<arg>css=.alert-success</arg>
<arg>${msgSucesso}</arg>
<doc>Verifies that element ``locator`` contains exact the text ``expected``.</doc>
<msg timestamp="20230308 17:46:03.926" level="INFO">Verifying element 'css=.alert-success' contains exact text 'Usuário inserido com sucesso'.</msg>
<status status="PASS" starttime="20230308 17:46:03.925" endtime="20230308 17:46:03.943"/>
</kw>
<status status="PASS" starttime="20230308 17:46:00.940" endtime="20230308 17:46:03.943"/>
</kw>
<status status="PASS" starttime="20230308 17:46:00.940" endtime="20230308 17:46:03.943"/>
</test>
<test id="s1-s1-t3" name="Cenário 03: Realizar Login" line="61">
<kw name="Login">
<kw name="Open Browser" library="SeleniumLibrary">
<arg>${url}</arg>
<arg>${navegador}</arg>
<doc>Opens a new browser instance to the optional ``url``.</doc>
<msg timestamp="20230308 17:46:03.945" level="INFO">Opening browser 'chrome' to base url 'https://seubarriga.wcaquino.me/login'.</msg>
<status status="PASS" starttime="20230308 17:46:03.945" endtime="20230308 17:46:06.002"/>
</kw>
<kw name="Input Text" library="SeleniumLibrary">
<arg>id=email</arg>
<arg>${email}</arg>
<doc>Types the given ``text`` into the text field identified by ``locator``.</doc>
<msg timestamp="20230308 17:46:06.003" level="INFO">Typing text 'email306@teste.com' into text field 'id=email'.</msg>
<status status="PASS" starttime="20230308 17:46:06.002" endtime="20230308 17:46:06.064"/>
</kw>
<kw name="Input Password" library="SeleniumLibrary">
<arg>id=senha</arg>
<arg>${senha}</arg>
<doc>Types the given password into the text field identified by ``locator``.</doc>
<msg timestamp="20230308 17:46:06.064" level="INFO">Typing password into text field 'id=senha'.</msg>
<msg timestamp="20230308 17:46:06.086" level="INFO">Temporally setting log level to: NONE</msg>
<msg timestamp="20230308 17:46:06.110" level="INFO">Log level changed from NONE to INFO.</msg>
<status status="PASS" starttime="20230308 17:46:06.064" endtime="20230308 17:46:06.110"/>
</kw>
<kw name="Click Button" library="SeleniumLibrary">
<arg>xpath=//button[text()='Entrar']</arg>
<doc>Clicks the button identified by ``locator``.</doc>
<msg timestamp="20230308 17:46:06.111" level="INFO">Clicking button 'xpath=//button[text()='Entrar']'.</msg>
<status status="PASS" starttime="20230308 17:46:06.110" endtime="20230308 17:46:06.727"/>
</kw>
<kw name="Element Text Should Be" library="SeleniumLibrary">
<arg>css=.alert-success</arg>
<arg>${msgLogin}</arg>
<doc>Verifies that element ``locator`` contains exact the text ``expected``.</doc>
<msg timestamp="20230308 17:46:06.728" level="INFO">Verifying element 'css=.alert-success' contains exact text 'Bem vindo, Raiane Barriga!'.</msg>
<status status="PASS" starttime="20230308 17:46:06.728" endtime="20230308 17:46:06.745"/>
</kw>
<status status="PASS" starttime="20230308 17:46:03.944" endtime="20230308 17:46:06.745"/>
</kw>
<status status="PASS" starttime="20230308 17:46:03.944" endtime="20230308 17:46:06.745"/>
</test>
<doc>Robot Framework Sem Complicação</doc>
<status status="PASS" starttime="20230308 17:45:58.924" endtime="20230308 17:46:06.746"/>
</suite>
<status status="PASS" starttime="20230308 17:45:58.910" endtime="20230308 17:46:06.747"/>
</suite>
<statistics>
<total>
<stat pass="3" fail="0" skip="0">All Tests</stat>
</total>
<tag>
</tag>
<suite>
<stat pass="3" fail="0" skip="0" id="s1" name="Tests">Tests</stat>
<stat pass="3" fail="0" skip="0" id="s1-s1" name="seuBarriga">Tests.seuBarriga</stat>
</suite>
</statistics>
<errors>
</errors>
</robot>
