<?xml version="1.0" encoding="UTF-8"?>
<robot generator="Robot 6.0.2 (Python 3.11.2 on win32)" generated="20230308 17:40:46.688" rpa="false" schemaversion="3">
<suite id="s1" name="seuBarriga" source="F:\Robot_sem_complicacao\SeuBarriga\seuBarriga.robot">
<test id="s1-t1" name="Cenário 01: Acessar o site" line="55">
<kw name="Acessando o site">
<kw name="Open Browser" library="SeleniumLibrary">
<arg>${url}</arg>
<arg>${navegador}</arg>
<doc>Opens a new browser instance to the optional ``url``.</doc>
<msg timestamp="20230308 17:40:46.824" level="INFO">Opening browser 'chrome' to base url 'https://seubarriga.wcaquino.me/login'.</msg>
<status status="PASS" starttime="20230308 17:40:46.824" endtime="20230308 17:40:48.796"/>
</kw>
<status status="PASS" starttime="20230308 17:40:46.824" endtime="20230308 17:40:48.796"/>
</kw>
<status status="PASS" starttime="20230308 17:40:46.823" endtime="20230308 17:40:48.797"/>
</test>
<test id="s1-t2" name="Cenário 02: Realizar cadastro" line="58">
<kw name="Novo cadastro">
<kw name="Open Browser" library="SeleniumLibrary">
<arg>${url}</arg>
<arg>${navegador}</arg>
<doc>Opens a new browser instance to the optional ``url``.</doc>
<msg timestamp="20230308 17:40:48.798" level="INFO">Opening browser 'chrome' to base url 'https://seubarriga.wcaquino.me/login'.</msg>
<status status="PASS" starttime="20230308 17:40:48.798" endtime="20230308 17:40:50.822"/>
</kw>
<kw name="Click Link" library="SeleniumLibrary">
<arg>Novo usuário?</arg>
<doc>Clicks a link identified by ``locator``.</doc>
<msg timestamp="20230308 17:40:50.823" level="INFO">Clicking link 'Novo usuário?'.</msg>
<status status="PASS" starttime="20230308 17:40:50.822" endtime="20230308 17:40:51.107"/>
</kw>
<kw name="Wait Until Element Is Visible" library="SeleniumLibrary">
<arg>id=nome</arg>
<doc>Waits until the element ``locator`` is visible.</doc>
<status status="PASS" starttime="20230308 17:40:51.107" endtime="20230308 17:40:51.124"/>
</kw>
<kw name="Input Text" library="SeleniumLibrary">
<arg>id=nome</arg>
<arg>${nome}</arg>
<doc>Types the given ``text`` into the text field identified by ``locator``.</doc>
<msg timestamp="20230308 17:40:51.125" level="INFO">Typing text 'Raiane Barriga' into text field 'id=nome'.</msg>
<status status="PASS" starttime="20230308 17:40:51.125" endtime="20230308 17:40:51.168"/>
</kw>
<kw name="Input Text" library="SeleniumLibrary">
<arg>id=email</arg>
<arg>${email}</arg>
<doc>Types the given ``text`` into the text field identified by ``locator``.</doc>
<msg timestamp="20230308 17:40:51.169" level="INFO">Typing text 'email305@teste.com' into text field 'id=email'.</msg>
<status status="PASS" starttime="20230308 17:40:51.169" endtime="20230308 17:40:51.216"/>
</kw>
<kw name="Input Password" library="SeleniumLibrary">
<arg>id=senha</arg>
<arg>${senha}</arg>
<doc>Types the given password into the text field identified by ``locator``.</doc>
<msg timestamp="20230308 17:40:51.216" level="INFO">Typing password into text field 'id=senha'.</msg>
<msg timestamp="20230308 17:40:51.237" level="INFO">Temporally setting log level to: NONE</msg>
<msg timestamp="20230308 17:40:51.269" level="INFO">Log level changed from NONE to INFO.</msg>
<status status="PASS" starttime="20230308 17:40:51.216" endtime="20230308 17:40:51.269"/>
</kw>
<kw name="Click Element" library="SeleniumLibrary">
<arg>xpath=/html/body/div[2]/form/input</arg>
<doc>Click the element identified by ``locator``.</doc>
<msg timestamp="20230308 17:40:51.269" level="INFO">Clicking element 'xpath=/html/body/div[2]/form/input'.</msg>
<status status="PASS" starttime="20230308 17:40:51.269" endtime="20230308 17:40:51.844"/>
</kw>
<kw name="Element Text Should Be" library="SeleniumLibrary">
<arg>css=.alert-success</arg>
<arg>${msgSucesso}</arg>
<doc>Verifies that element ``locator`` contains exact the text ``expected``.</doc>
<msg timestamp="20230308 17:40:51.845" level="INFO">Verifying element 'css=.alert-success' contains exact text 'Usuário inserido com sucesso'.</msg>
<msg timestamp="20230308 17:40:51.936" level="INFO" html="true">&lt;/td&gt;&lt;/tr&gt;&lt;tr&gt;&lt;td colspan="3"&gt;&lt;a href="selenium-screenshot-1.png"&gt;&lt;img src="selenium-screenshot-1.png" width="800px"&gt;&lt;/a&gt;</msg>
<msg timestamp="20230308 17:40:51.937" level="FAIL">Element with locator 'css=.alert-success' not found.</msg>
<status status="FAIL" starttime="20230308 17:40:51.844" endtime="20230308 17:40:51.938"/>
</kw>
<status status="FAIL" starttime="20230308 17:40:48.798" endtime="20230308 17:40:51.938"/>
</kw>
<status status="FAIL" starttime="20230308 17:40:48.797" endtime="20230308 17:40:51.938">Element with locator 'css=.alert-success' not found.</status>
</test>
<test id="s1-t3" name="Cenário 03: Realizar Login" line="61">
<kw name="Login">
<kw name="Open Browser" library="SeleniumLibrary">
<arg>${url}</arg>
<arg>${navegador}</arg>
<doc>Opens a new browser instance to the optional ``url``.</doc>
<msg timestamp="20230308 17:40:51.940" level="INFO">Opening browser 'chrome' to base url 'https://seubarriga.wcaquino.me/login'.</msg>
<status status="PASS" starttime="20230308 17:40:51.940" endtime="20230308 17:40:54.049"/>
</kw>
<kw name="Input Text" library="SeleniumLibrary">
<arg>id=email</arg>
<arg>${email}</arg>
<doc>Types the given ``text`` into the text field identified by ``locator``.</doc>
<msg timestamp="20230308 17:40:54.049" level="INFO">Typing text 'email305@teste.com' into text field 'id=email'.</msg>
<status status="PASS" starttime="20230308 17:40:54.049" endtime="20230308 17:40:54.113"/>
</kw>
<kw name="Input Password" library="SeleniumLibrary">
<arg>id=senha</arg>
<arg>${senha}</arg>
<doc>Types the given password into the text field identified by ``locator``.</doc>
<msg timestamp="20230308 17:40:54.114" level="INFO">Typing password into text field 'id=senha'.</msg>
<msg timestamp="20230308 17:40:54.136" level="INFO">Temporally setting log level to: NONE</msg>
<msg timestamp="20230308 17:40:54.163" level="INFO">Log level changed from NONE to INFO.</msg>
<status status="PASS" starttime="20230308 17:40:54.113" endtime="20230308 17:40:54.163"/>
</kw>
<kw name="Click Button" library="SeleniumLibrary">
<arg>xpath=//button[text()='Entrar']</arg>
<doc>Clicks the button identified by ``locator``.</doc>
<msg timestamp="20230308 17:40:54.163" level="INFO">Clicking button 'xpath=//button[text()='Entrar']'.</msg>
<status status="PASS" starttime="20230308 17:40:54.163" endtime="20230308 17:40:54.746"/>
</kw>
<kw name="Element Text Should Be" library="SeleniumLibrary">
<arg>css=.alert-success</arg>
<arg>${msgLogin}</arg>
<doc>Verifies that element ``locator`` contains exact the text ``expected``.</doc>
<msg timestamp="20230308 17:40:54.747" level="INFO">Verifying element 'css=.alert-success' contains exact text 'Bem vindo, Raiane Barriga!'.</msg>
<status status="PASS" starttime="20230308 17:40:54.747" endtime="20230308 17:40:54.767"/>
</kw>
<status status="PASS" starttime="20230308 17:40:51.939" endtime="20230308 17:40:54.767"/>
</kw>
<status status="PASS" starttime="20230308 17:40:51.939" endtime="20230308 17:40:54.767"/>
</test>
<doc>Robot Framework Sem Complicação</doc>
<status status="FAIL" starttime="20230308 17:40:46.689" endtime="20230308 17:40:54.768"/>
</suite>
<statistics>
<total>
<stat pass="2" fail="1" skip="0">All Tests</stat>
</total>
<tag>
</tag>
<suite>
<stat pass="2" fail="1" skip="0" id="s1" name="seuBarriga">seuBarriga</stat>
</suite>
</statistics>
<errors>
</errors>
</robot>
