<?xml version="1.0" encoding="UTF-8"?>
<robot generator="Robot 6.0.2 (Python 3.11.2 on win32)" generated="20230309 16:42:04.043" rpa="false" schemaversion="3">
<suite id="s1" name="Tests" source="F:\Robot_sem_complicacao\SeuBarriga\Tests">
<suite id="s1-s1" name="seuBarriga" source="F:\Robot_sem_complicacao\SeuBarriga\Tests\seuBarriga.robot">
<test id="s1-s1-t1" name="Cenário 01: Acessar o site" line="62">
<kw name="Acessando o site">
<kw name="Open Browser" library="SeleniumLibrary">
<arg>${url}</arg>
<arg>${navegador}</arg>
<doc>Opens a new browser instance to the optional ``url``.</doc>
<msg timestamp="20230309 16:42:04.186" level="INFO">Opening browser 'chrome' to base url 'https://seubarriga.wcaquino.me/login'.</msg>
<status status="PASS" starttime="20230309 16:42:04.186" endtime="20230309 16:42:06.048"/>
</kw>
<status status="PASS" starttime="20230309 16:42:04.186" endtime="20230309 16:42:06.049"/>
</kw>
<status status="PASS" starttime="20230309 16:42:04.185" endtime="20230309 16:42:06.049"/>
</test>
<test id="s1-s1-t2" name="Cenário 02: Realizar cadastro" line="65">
<kw name="Novo cadastro">
<kw name="Open Browser" library="SeleniumLibrary">
<arg>${url}</arg>
<arg>${navegador}</arg>
<doc>Opens a new browser instance to the optional ``url``.</doc>
<msg timestamp="20230309 16:42:06.052" level="INFO">Opening browser 'chrome' to base url 'https://seubarriga.wcaquino.me/login'.</msg>
<status status="PASS" starttime="20230309 16:42:06.051" endtime="20230309 16:42:08.005"/>
</kw>
<kw name="Click Link" library="SeleniumLibrary">
<arg>Novo usuário?</arg>
<doc>Clicks a link identified by ``locator``.</doc>
<msg timestamp="20230309 16:42:08.005" level="INFO">Clicking link 'Novo usuário?'.</msg>
<status status="PASS" starttime="20230309 16:42:08.005" endtime="20230309 16:42:08.265"/>
</kw>
<kw name="Wait Until Element Is Visible" library="SeleniumLibrary">
<arg>id=nome</arg>
<doc>Waits until the element ``locator`` is visible.</doc>
<status status="PASS" starttime="20230309 16:42:08.265" endtime="20230309 16:42:08.282"/>
</kw>
<kw name="Input Text" library="SeleniumLibrary">
<arg>id=nome</arg>
<arg>${nome}</arg>
<doc>Types the given ``text`` into the text field identified by ``locator``.</doc>
<msg timestamp="20230309 16:42:08.283" level="INFO">Typing text 'Raiane Barriga' into text field 'id=nome'.</msg>
<status status="PASS" starttime="20230309 16:42:08.282" endtime="20230309 16:42:08.326"/>
</kw>
<kw name="Input Text" library="SeleniumLibrary">
<arg>id=email</arg>
<arg>${email}</arg>
<doc>Types the given ``text`` into the text field identified by ``locator``.</doc>
<msg timestamp="20230309 16:42:08.327" level="INFO">Typing text 'email307@teste.com' into text field 'id=email'.</msg>
<status status="PASS" starttime="20230309 16:42:08.327" endtime="20230309 16:42:08.375"/>
</kw>
<kw name="Input Password" library="SeleniumLibrary">
<arg>id=senha</arg>
<arg>${senha}</arg>
<doc>Types the given password into the text field identified by ``locator``.</doc>
<msg timestamp="20230309 16:42:08.375" level="INFO">Typing password into text field 'id=senha'.</msg>
<msg timestamp="20230309 16:42:08.396" level="INFO">Temporally setting log level to: NONE</msg>
<msg timestamp="20230309 16:42:08.429" level="INFO">Log level changed from NONE to INFO.</msg>
<status status="PASS" starttime="20230309 16:42:08.375" endtime="20230309 16:42:08.429"/>
</kw>
<kw name="Click Element" library="SeleniumLibrary">
<arg>xpath=/html/body/div[2]/form/input</arg>
<doc>Click the element identified by ``locator``.</doc>
<msg timestamp="20230309 16:42:08.430" level="INFO">Clicking element 'xpath=/html/body/div[2]/form/input'.</msg>
<status status="PASS" starttime="20230309 16:42:08.429" endtime="20230309 16:42:08.991"/>
</kw>
<kw name="Element Text Should Be" library="SeleniumLibrary">
<arg>css=.alert-success</arg>
<arg>${msgSucesso}</arg>
<doc>Verifies that element ``locator`` contains exact the text ``expected``.</doc>
<msg timestamp="20230309 16:42:08.991" level="INFO">Verifying element 'css=.alert-success' contains exact text 'Usuário inserido com sucesso'.</msg>
<status status="PASS" starttime="20230309 16:42:08.991" endtime="20230309 16:42:09.008"/>
</kw>
<status status="PASS" starttime="20230309 16:42:06.051" endtime="20230309 16:42:09.008"/>
</kw>
<status status="PASS" starttime="20230309 16:42:06.050" endtime="20230309 16:42:09.008"/>
</test>
<test id="s1-s1-t3" name="Cenário 03: Realizar Login" line="68">
<kw name="Login">
<kw name="Open Browser" library="SeleniumLibrary">
<arg>${url}</arg>
<arg>${navegador}</arg>
<doc>Opens a new browser instance to the optional ``url``.</doc>
<msg timestamp="20230309 16:42:09.010" level="INFO">Opening browser 'chrome' to base url 'https://seubarriga.wcaquino.me/login'.</msg>
<status status="PASS" starttime="20230309 16:42:09.010" endtime="20230309 16:42:11.110"/>
</kw>
<kw name="Input Text" library="SeleniumLibrary">
<arg>id=email</arg>
<arg>${email}</arg>
<doc>Types the given ``text`` into the text field identified by ``locator``.</doc>
<msg timestamp="20230309 16:42:11.110" level="INFO">Typing text 'email307@teste.com' into text field 'id=email'.</msg>
<status status="PASS" starttime="20230309 16:42:11.110" endtime="20230309 16:42:11.168"/>
</kw>
<kw name="Input Password" library="SeleniumLibrary">
<arg>id=senha</arg>
<arg>${senha}</arg>
<doc>Types the given password into the text field identified by ``locator``.</doc>
<msg timestamp="20230309 16:42:11.169" level="INFO">Typing password into text field 'id=senha'.</msg>
<msg timestamp="20230309 16:42:11.189" level="INFO">Temporally setting log level to: NONE</msg>
<msg timestamp="20230309 16:42:11.213" level="INFO">Log level changed from NONE to INFO.</msg>
<status status="PASS" starttime="20230309 16:42:11.168" endtime="20230309 16:42:11.213"/>
</kw>
<kw name="Click Button" library="SeleniumLibrary">
<arg>xpath=//button[text()='Entrar']</arg>
<doc>Clicks the button identified by ``locator``.</doc>
<msg timestamp="20230309 16:42:11.213" level="INFO">Clicking button 'xpath=//button[text()='Entrar']'.</msg>
<status status="PASS" starttime="20230309 16:42:11.213" endtime="20230309 16:42:11.896"/>
</kw>
<kw name="Element Text Should Be" library="SeleniumLibrary">
<arg>css=.alert-success</arg>
<arg>${msgLogin}</arg>
<doc>Verifies that element ``locator`` contains exact the text ``expected``.</doc>
<msg timestamp="20230309 16:42:11.897" level="INFO">Verifying element 'css=.alert-success' contains exact text 'Bem vindo, Raiane Barriga!'.</msg>
<status status="PASS" starttime="20230309 16:42:11.896" endtime="20230309 16:42:11.937"/>
</kw>
<status status="PASS" starttime="20230309 16:42:09.009" endtime="20230309 16:42:11.937"/>
</kw>
<status status="PASS" starttime="20230309 16:42:09.009" endtime="20230309 16:42:11.938"/>
</test>
<test id="s1-s1-t4" name="Cenário 04: Criar movimentação" line="71">
<kw name="Login">
<kw name="Open Browser" library="SeleniumLibrary">
<arg>${url}</arg>
<arg>${navegador}</arg>
<doc>Opens a new browser instance to the optional ``url``.</doc>
<msg timestamp="20230309 16:42:11.940" level="INFO">Opening browser 'chrome' to base url 'https://seubarriga.wcaquino.me/login'.</msg>
<status status="PASS" starttime="20230309 16:42:11.939" endtime="20230309 16:42:14.018"/>
</kw>
<kw name="Input Text" library="SeleniumLibrary">
<arg>id=email</arg>
<arg>${email}</arg>
<doc>Types the given ``text`` into the text field identified by ``locator``.</doc>
<msg timestamp="20230309 16:42:14.019" level="INFO">Typing text 'email307@teste.com' into text field 'id=email'.</msg>
<status status="PASS" starttime="20230309 16:42:14.019" endtime="20230309 16:42:14.078"/>
</kw>
<kw name="Input Password" library="SeleniumLibrary">
<arg>id=senha</arg>
<arg>${senha}</arg>
<doc>Types the given password into the text field identified by ``locator``.</doc>
<msg timestamp="20230309 16:42:14.079" level="INFO">Typing password into text field 'id=senha'.</msg>
<msg timestamp="20230309 16:42:14.099" level="INFO">Temporally setting log level to: NONE</msg>
<msg timestamp="20230309 16:42:14.123" level="INFO">Log level changed from NONE to INFO.</msg>
<status status="PASS" starttime="20230309 16:42:14.078" endtime="20230309 16:42:14.124"/>
</kw>
<kw name="Click Button" library="SeleniumLibrary">
<arg>xpath=//button[text()='Entrar']</arg>
<doc>Clicks the button identified by ``locator``.</doc>
<msg timestamp="20230309 16:42:14.124" level="INFO">Clicking button 'xpath=//button[text()='Entrar']'.</msg>
<status status="PASS" starttime="20230309 16:42:14.124" endtime="20230309 16:42:14.714"/>
</kw>
<kw name="Element Text Should Be" library="SeleniumLibrary">
<arg>css=.alert-success</arg>
<arg>${msgLogin}</arg>
<doc>Verifies that element ``locator`` contains exact the text ``expected``.</doc>
<msg timestamp="20230309 16:42:14.715" level="INFO">Verifying element 'css=.alert-success' contains exact text 'Bem vindo, Raiane Barriga!'.</msg>
<status status="PASS" starttime="20230309 16:42:14.714" endtime="20230309 16:42:14.733"/>
</kw>
<status status="PASS" starttime="20230309 16:42:11.939" endtime="20230309 16:42:14.733"/>
</kw>
<kw name="Movimentação">
<kw name="Click Link" library="SeleniumLibrary">
<arg>Criar Movimentação</arg>
<doc>Clicks a link identified by ``locator``.</doc>
<msg timestamp="20230309 16:42:14.734" level="INFO">Clicking link 'Criar Movimentação'.</msg>
<status status="PASS" starttime="20230309 16:42:14.734" endtime="20230309 16:42:15.084"/>
</kw>
<kw name="Select From List By Label" library="SeleniumLibrary">
<arg>id=tipo</arg>
<arg>Despesa</arg>
<doc>Selects options from selection list ``locator`` by ``labels``.</doc>
<msg timestamp="20230309 16:42:15.085" level="INFO">Selecting options from selection list 'id=tipo' by label Despesa.</msg>
<status status="PASS" starttime="20230309 16:42:15.084" endtime="20230309 16:42:15.125"/>
</kw>
<kw name="Input Text" library="SeleniumLibrary">
<arg>id=data_transacao</arg>
<arg>${dtMovimentacao}</arg>
<doc>Types the given ``text`` into the text field identified by ``locator``.</doc>
<msg timestamp="20230309 16:42:15.126" level="INFO">Typing text '01/05/2013' into text field 'id=data_transacao'.</msg>
<status status="PASS" starttime="20230309 16:42:15.126" endtime="20230309 16:42:15.171"/>
</kw>
<kw name="Input Text" library="SeleniumLibrary">
<arg>id=data_pagamento</arg>
<arg>${dtPagamento}</arg>
<doc>Types the given ``text`` into the text field identified by ``locator``.</doc>
<msg timestamp="20230309 16:42:15.172" level="INFO">Typing text '03/06/2013' into text field 'id=data_pagamento'.</msg>
<status status="PASS" starttime="20230309 16:42:15.171" endtime="20230309 16:42:15.216"/>
</kw>
<kw name="Input Text" library="SeleniumLibrary">
<arg>id=descricao</arg>
<arg>${descricao}</arg>
<doc>Types the given ``text`` into the text field identified by ``locator``.</doc>
<msg timestamp="20230309 16:42:15.216" level="INFO">Typing text 'Teste de movimentação' into text field 'id=descricao'.</msg>
<status status="PASS" starttime="20230309 16:42:15.216" endtime="20230309 16:42:15.264"/>
</kw>
<kw name="Input Text" library="SeleniumLibrary">
<arg>id=interessado</arg>
<arg>${interessado}</arg>
<doc>Types the given ``text`` into the text field identified by ``locator``.</doc>
<msg timestamp="20230309 16:42:15.264" level="INFO">Typing text 'TesteBarriga' into text field 'id=interessado'.</msg>
<status status="PASS" starttime="20230309 16:42:15.264" endtime="20230309 16:42:15.307"/>
</kw>
<kw name="Input Text" library="SeleniumLibrary">
<arg>id=valor</arg>
<arg>${valor}</arg>
<doc>Types the given ``text`` into the text field identified by ``locator``.</doc>
<msg timestamp="20230309 16:42:15.308" level="INFO">Typing text '321' into text field 'id=valor'.</msg>
<status status="PASS" starttime="20230309 16:42:15.308" endtime="20230309 16:42:15.348"/>
</kw>
<kw name="Select Radio Button" library="SeleniumLibrary">
<arg>status</arg>
<arg>1</arg>
<doc>Sets the radio button group ``group_name`` to ``value``.</doc>
<msg timestamp="20230309 16:42:15.348" level="INFO">Selecting '1' from radio button 'status'.</msg>
<status status="PASS" starttime="20230309 16:42:15.348" endtime="20230309 16:42:15.378"/>
</kw>
<kw name="Click Button" library="SeleniumLibrary">
<arg>xpath=//button[text()='Salvar']</arg>
<doc>Clicks the button identified by ``locator``.</doc>
<msg timestamp="20230309 16:42:15.378" level="INFO">Clicking button 'xpath=//button[text()='Salvar']'.</msg>
<status status="PASS" starttime="20230309 16:42:15.378" endtime="20230309 16:42:15.646"/>
</kw>
<kw name="Element Text Should Be" library="SeleniumLibrary">
<arg>css=.alert-danger</arg>
<arg>${msgContaObrigatoria}</arg>
<doc>Verifies that element ``locator`` contains exact the text ``expected``.</doc>
<msg timestamp="20230309 16:42:15.647" level="INFO">Verifying element 'css=.alert-danger' contains exact text 'Conta é obrigatório'.</msg>
<status status="PASS" starttime="20230309 16:42:15.646" endtime="20230309 16:42:15.664"/>
</kw>
<status status="PASS" starttime="20230309 16:42:14.733" endtime="20230309 16:42:15.664"/>
</kw>
<status status="PASS" starttime="20230309 16:42:11.939" endtime="20230309 16:42:15.664"/>
</test>
<doc>Robot Framework Sem Complicação</doc>
<status status="PASS" starttime="20230309 16:42:04.058" endtime="20230309 16:42:15.665"/>
</suite>
<status status="PASS" starttime="20230309 16:42:04.044" endtime="20230309 16:42:15.666"/>
</suite>
<statistics>
<total>
<stat pass="4" fail="0" skip="0">All Tests</stat>
</total>
<tag>
</tag>
<suite>
<stat pass="4" fail="0" skip="0" id="s1" name="Tests">Tests</stat>
<stat pass="4" fail="0" skip="0" id="s1-s1" name="seuBarriga">Tests.seuBarriga</stat>
</suite>
</statistics>
<errors>
</errors>
</robot>
